<?xml version="1.0" encoding="UTF-8"?>
<!-- Generated by org.testng.reporters.JUnitXMLReporter -->
<testsuite hostname="LAPTOP-RKLP3EC1" name="Test" tests="3" failures="2" timestamp="3 Mar 2022 17:46:10 GMT" time="16.138" errors="0">
  <testcase name="verifyLogin" time="1.879" classname="testscripts.TC001">
    <failure type="java.lang.AssertionError" message="actual URL does not match with Expected URL expected [true] but found [false]">
      <![CDATA[java.lang.AssertionError: actual URL does not match with Expected URL expected [true] but found [false]
	at utilities.Browser.verifyURL(Browser.java:31)
	at pages.HRMLogin.hrmLogin(HRMLogin.java:46)
	at testscripts.TC001.verifyLogin(TC001.java:38)
... Removed 27 stack frames]]>
    </failure>
  </testcase> <!-- verifyLogin -->
  <testcase name="verifyHRMLogin" time="1.379" classname="testscripts.TC002">
    <failure type="java.lang.AssertionError" message="actual URL does not match with Expected URL expected [true] but found [false]">
      <![CDATA[java.lang.AssertionError: actual URL does not match with Expected URL expected [true] but found [false]
	at utilities.Browser.verifyURL(Browser.java:31)
	at pages.HRMLogin.hrmLogin(HRMLogin.java:46)
	at testscripts.TC002.verifyHRMLogin(TC002.java:40)
... Removed 27 stack frames]]>
    </failure>
  </testcase> <!-- verifyHRMLogin -->
  <testcase name="verifyHRMAddEmp" time="0.0" classname="testscripts.TC002">
    <skipped/>
  </testcase> <!-- verifyHRMAddEmp -->
</testsuite> <!-- Test -->
