<?xml version="1.0" encoding="UTF-8"?>
<testng-results skipped="0" failed="0" total="3" passed="3">
  <reporter-output>
    <line>
      <![CDATA[HRM Login Method Started Execution]]>
    </line>
    <line>
      <![CDATA[HRM Login Method  Executed Sucessfully]]>
    </line>
    <line>
      <![CDATA[HRM Login Method Started Execution]]>
    </line>
    <line>
      <![CDATA[HRM Login Method  Executed Sucessfully]]>
    </line>
    <line>
      <![CDATA[HRM Add employee started execution....]]>
    </line>
    <line>
      <![CDATA[HRM Add employee executed....]]>
    </line>
  </reporter-output>
  <suite name="Suite" duration-ms="28097" started-at="2022-03-01T16:53:28Z" finished-at="2022-03-01T16:53:56Z">
    <groups>
      <group name="smoke">
        <method signature="TC002.verifyHRMAddEmp()[pri:0, instance:testscripts.TC002@7fad8c79]" name="verifyHRMAddEmp" class="testscripts.TC002"/>
      </group> <!-- smoke -->
      <group name="sanity">
        <method signature="TC002.verifyHRMLogin()[pri:0, instance:testscripts.TC002@7fad8c79]" name="verifyHRMLogin" class="testscripts.TC002"/>
        <method signature="TC001.verifyLogin()[pri:0, instance:testscripts.TC001@799d4f69]" name="verifyLogin" class="testscripts.TC001"/>
      </group> <!-- sanity -->
    </groups>
    <test name="Test" duration-ms="28097" started-at="2022-03-01T16:53:28Z" finished-at="2022-03-01T16:53:56Z">
      <class name="testscripts.TC001">
        <test-method status="PASS" signature="setup()[pri:0, instance:testscripts.TC001@799d4f69]" name="setup" is-config="true" duration-ms="6443" started-at="2022-03-01T22:23:28Z" finished-at="2022-03-01T22:23:34Z">
          <reporter-output>
          </reporter-output>
        </test-method> <!-- setup -->
        <test-method status="PASS" signature="verifyLogin()[pri:0, instance:testscripts.TC001@799d4f69]" name="verifyLogin" duration-ms="5260" started-at="2022-03-01T22:23:34Z" finished-at="2022-03-01T22:23:39Z">
          <reporter-output>
            <line>
              <![CDATA[HRM Login Method Started Execution]]>
            </line>
            <line>
              <![CDATA[HRM Login Method  Executed Sucessfully]]>
            </line>
          </reporter-output>
        </test-method> <!-- verifyLogin -->
        <test-method status="PASS" signature="teardown()[pri:0, instance:testscripts.TC001@799d4f69]" name="teardown" is-config="true" duration-ms="44" started-at="2022-03-01T22:23:39Z" finished-at="2022-03-01T22:23:39Z">
          <reporter-output>
          </reporter-output>
        </test-method> <!-- teardown -->
      </class> <!-- testscripts.TC001 -->
      <class name="testscripts.TC002">
        <test-method status="PASS" signature="setup()[pri:0, instance:testscripts.TC002@7fad8c79]" name="setup" is-config="true" duration-ms="6572" started-at="2022-03-01T22:23:39Z" finished-at="2022-03-01T22:23:46Z">
          <reporter-output>
          </reporter-output>
        </test-method> <!-- setup -->
        <test-method status="PASS" signature="verifyHRMLogin()[pri:0, instance:testscripts.TC002@7fad8c79]" name="verifyHRMLogin" duration-ms="5677" started-at="2022-03-01T22:23:46Z" finished-at="2022-03-01T22:23:52Z">
          <reporter-output>
            <line>
              <![CDATA[HRM Login Method Started Execution]]>
            </line>
            <line>
              <![CDATA[HRM Login Method  Executed Sucessfully]]>
            </line>
          </reporter-output>
        </test-method> <!-- verifyHRMLogin -->
        <test-method status="PASS" signature="verifyHRMAddEmp()[pri:0, instance:testscripts.TC002@7fad8c79]" name="verifyHRMAddEmp" duration-ms="4046" started-at="2022-03-01T22:23:52Z" depends-on-methods="testscripts.TC002.verifyHRMLogin" finished-at="2022-03-01T22:23:56Z">
          <reporter-output>
            <line>
              <![CDATA[HRM Add employee started execution....]]>
            </line>
            <line>
              <![CDATA[HRM Add employee executed....]]>
            </line>
          </reporter-output>
        </test-method> <!-- verifyHRMAddEmp -->
        <test-method status="PASS" signature="teardown()[pri:0, instance:testscripts.TC002@7fad8c79]" name="teardown" is-config="true" duration-ms="49" started-at="2022-03-01T22:23:56Z" finished-at="2022-03-01T22:23:56Z">
          <reporter-output>
          </reporter-output>
        </test-method> <!-- teardown -->
      </class> <!-- testscripts.TC002 -->
    </test> <!-- Test -->
  </suite> <!-- Suite -->
</testng-results>
